2025-06-12T22:28:30.941092+0100 INFO Este é um log de informação. utils_log.py
2025-06-12T22:28:30.942014+0100 ERROR Este é um log de erro. utils_log.py
2025-06-12T22:28:30.942786+0100 INFO Chamando função 'pipeline_calcular_kpi_de_vendas_consolidada' com args ('data', ['csv']) e kwargs {} utils_log.py
2025-06-12T22:28:30.943849+0100 INFO Chamando função 'extrair_dados' com args ('data',) e kwargs {} utils_log.py
2025-06-12T22:28:31.109048+0100 INFO Função 'extrair_dados' retornou             Produto    Categoria  Quantidade  Venda        Data
0    Notebook Gamer  Eletrônicos           3   1500  2023-01-15
1     Mouse Sem Fio  Eletrônicos          10     30  2023-01-15
2  Teclado Mecânico  Eletrônicos           5    100  2023-01-15
3    Notebook Gamer  Eletrônicos           7   1500  2023-01-16
4     Mouse Sem Fio  Eletrônicos          10     30  2023-01-16
5  Teclado Mecânico  Eletrônicos           3    100  2023-01-16 utils_log.py
2025-06-12T22:28:31.120316+0100 INFO Chamando função 'calcular_kpi_de_total_de_vendas' com args (            Produto    Categoria  Quantidade  Venda        Data
0    Notebook Gamer  Eletrônicos           3   1500  2023-01-15
1     Mouse Sem Fio  Eletrônicos          10     30  2023-01-15
2  Teclado Mecânico  Eletrônicos           5    100  2023-01-15
3    Notebook Gamer  Eletrônicos           7   1500  2023-01-16
4     Mouse Sem Fio  Eletrônicos          10     30  2023-01-16
5  Teclado Mecânico  Eletrônicos           3    100  2023-01-16,) e kwargs {} utils_log.py
2025-06-12T22:28:31.129927+0100 INFO Função 'calcular_kpi_de_total_de_vendas' retornou             Produto    Categoria  Quantidade  Venda        Data  Total
0    Notebook Gamer  Eletrônicos           3   1500  2023-01-15   4500
1     Mouse Sem Fio  Eletrônicos          10     30  2023-01-15    300
2  Teclado Mecânico  Eletrônicos           5    100  2023-01-15    500
3    Notebook Gamer  Eletrônicos           7   1500  2023-01-16  10500
4     Mouse Sem Fio  Eletrônicos          10     30  2023-01-16    300
5  Teclado Mecânico  Eletrônicos           3    100  2023-01-16    300 utils_log.py
2025-06-12T22:28:31.138621+0100 INFO Chamando função 'carregar_dados' com args (            Produto    Categoria  Quantidade  Venda        Data  Total
0    Notebook Gamer  Eletrônicos           3   1500  2023-01-15   4500
1     Mouse Sem Fio  Eletrônicos          10     30  2023-01-15    300
2  Teclado Mecânico  Eletrônicos           5    100  2023-01-15    500
3    Notebook Gamer  Eletrônicos           7   1500  2023-01-16  10500
4     Mouse Sem Fio  Eletrônicos          10     30  2023-01-16    300
5  Teclado Mecânico  Eletrônicos           3    100  2023-01-16    300, ['csv']) e kwargs {} utils_log.py
2025-06-12T22:28:31.188397+0100 INFO Função 'carregar_dados' retornou None utils_log.py
2025-06-12T22:28:31.191244+0100 INFO Função 'pipeline_calcular_kpi_de_vendas_consolidada' retornou None utils_log.py
